make.exe all --print-data-base --no-builtin-variables --no-builtin-rules --question
# GNU Make 4.3
# Built for Windows32
# Copyright (C) 1988-2020 Free Software Foundation, Inc.
# License GPLv3+: GNU GPL version 3 or later <http://gnu.org/licenses/gpl.html>
# This is free software: you are free to change and redistribute it.
# There is NO WARRANTY, to the extent permitted by law.
 

# Make data base, printed on Mon Jul 18 13:06:30 2022

# Variables

# environment
SYSTEMDRIVE = C:
# makefile (from '../DaisyExamples/libDaisy//core/Makefile', line 18)
OCDFLAGS = -f $(PGM_DEVICE) -f target/$(CHIPSET).cfg
# makefile (from '../DaisyExamples/libDaisy//core/Makefile', line 79)
AS = $(PREFIX)gcc -x assembler-with-cpp
# makefile (from '../DaisyExamples/libDaisy//core/Makefile', line 246)
LIBDIR = -L$(LIBDAISY_DIR)/build -L $(DAISYSP_DIR)/build
# environment
LC_ALL = C
# environment
USERPROFILE = C:\Users\matth
# makefile (from '../DaisyExamples/libDaisy//core/Makefile', line 204)
DAISY_PID = df11
# environment
LOCALAPPDATA = C:\Users\matth\AppData\Local
# makefile (from '../DaisyExamples/libDaisy//core/Makefile', line 15)
OCD = openocd
# makefile (from '../DaisyExamples/libDaisy//core/Makefile', line 17)
PGM_DEVICE = interface/stlink.cfg
# makefile (from '../DaisyExamples/libDaisy//core/Makefile', line 154)
FATFS_SOURCES = $(FATFS_DIR)/diskio.c $(FATFS_DIR)/ff.c $(FATFS_DIR)/ff_gen_drv.c $(FATFS_DIR)/option/ccsbcs.c
# environment
VSCODE_CWD = C:\Users\matth\AppData\Local\Programs\Microsoft VS Code
# environment
CHOCOLATEYINSTALL = C:\ProgramData\chocolatey
# environment
SYSTEMROOT = C:\Windows
# makefile (from '../DaisyExamples/libDaisy//core/Makefile', line 245)
LIBS = -ldaisy -lc -lm -lnosys -ldaisysp
# makefile (from '../DaisyExamples/libDaisy//core/Makefile', line 163)
C_INCLUDES = -include stm32h7xx.h -I$(LIBDAISY_DIR) -I$(LIBDAISY_DIR)/src/ -I$(LIBDAISY_DIR)/src/sys -I$(LIBDAISY_DIR)/src/usbd -I$(LIBDAISY_DIR)/src/usbh -I$(LIBDAISY_DIR)/Drivers/CMSIS/Include/ -I$(LIBDAISY_DIR)/Drivers/CMSIS/DSP/Include -I$(LIBDAISY_DIR)/Drivers/CMSIS/Device/ST/STM32H7xx/Include -I$(LIBDAISY_DIR)/Drivers/STM32H7xx_HAL_Driver/Inc/ -I$(LIBDAISY_DIR)/Middlewares/ST/STM32_USB_Device_Library/Core/Inc -I$(LIBDAISY_DIR)/Middlewares/ST/STM32_USB_Host_Library/Core/Inc -I$(LIBDAISY_DIR)/Middlewares/ST/STM32_USB_Host_Library/Class/MSC/Inc -I$(SYSTEM_FILES_DIR)/ -I$(DAISYSP_DIR)/Source -I$(FATFS_DIR)
# environment
PROCESSOR_LEVEL = 6
# makefile (from '../DaisyExamples/libDaisy//core/Makefile', line 81)
SZ = $(PREFIX)size
# environment
PSMODULEPATH = C:\Program Files\WindowsPowerShell\Modules;C:\Windows\system32\WindowsPowerShell\v1.0\Modules
# makefile (from '../DaisyExamples/libDaisy//core/Makefile', line 3)
CHIPSET = stm32h7x
# default
MAKE_COMMAND := C:/Users/matth/Downloads/DaisyToolchain-0.3.3/windows/lib/make/tools/install/bin/make.exe
# makefile (from 'Makefile', line 5)
CPP_SOURCES = patching1.cpp
# automatic
@D = $(patsubst %/,%,$(patsubst %\,%,$(dir $@)))
# makefile (from '../DaisyExamples/libDaisy//core/Makefile', line 113)
C_DEFS = -DUSE_HAL_DRIVER -DSTM32H750xx -DHSE_VALUE=16000000  -DCORE_CM7 -DSTM32H750IB -DARM_MATH_CM7 -DUSE_FULL_LL_DRIVER
# environment
CHROME_CRASHPAD_PIPE_NAME = \\.\pipe\crashpad_17264_PTPGHBVMIPRNROIE
# environment
VSCODE_HANDLES_UNCAUGHT_ERRORS = true
# default
.VARIABLES := 
# automatic
%D = $(patsubst %/,%,$(patsubst %\,%,$(dir $%)))
# automatic
^D = $(patsubst %/,%,$(patsubst %\,%,$(dir $^)))
# automatic
%F = $(notdir $%)
# environment
VSCODE_CODE_CACHE_PATH = C:\Users\matth\AppData\Roaming\Code\CachedData\b06ae3b2d2dbfe28bca3134cc6be65935cdfea6a
# makefile (from '../DaisyExamples/libDaisy//core/Makefile', line 103)
AS_DEFS = 
# environment
LANG = C
# makefile (from '../DaisyExamples/libDaisy//core/Makefile', line 16)
OCD_DIR = /usr/local/share/openocd/scripts
# default
.LOADED := 
# environment
TMP = C:\Users\matth\AppData\Local\Temp
# default
.INCLUDE_DIRS = .
# environment
PROCESSOR_ARCHITEW6432 = AMD64
# makefile
MAKEFLAGS = pqrR
# makefile (from '../DaisyExamples/libDaisy//core/Makefile', line 205)
STM_PID = df11
# environment
ONEDRIVE = C:\Users\matth\OneDrive
# makefile (from '../DaisyExamples/libDaisy//core/Makefile', line 191)
C_STANDARD = -std=gnu11
# makefile (from '../DaisyExamples/libDaisy//core/Makefile', line 5)
TARGET_BIN = $(TARGET).bin
# makefile
CURDIR := c:/projects/polymod4/code/patching1
# makefile (from '../DaisyExamples/libDaisy//core/Makefile', line 83)
HEX = $(CP) -O ihex
# makefile (from '../DaisyExamples/libDaisy//core/Makefile', line 214)
FLASH_ADDRESS = $(INTERNAL_ADDRESS)
# environment
APPLICATION_INSIGHTS_NO_DIAGNOSTIC_CHANNEL = 1
# makefile (from '../DaisyExamples/libDaisy//core/Makefile', line 212)
LDSCRIPT = $(SYSTEM_FILES_DIR)/STM32H750IB_flash.lds
# automatic
*D = $(patsubst %/,%,$(patsubst %\,%,$(dir $*)))
# environment
PROGRAMFILES = C:\Program Files (x86)
# environment
MFLAGS = -pqrR
# default
.SHELLFLAGS := -c
# environment
COMMONPROGRAMW6432 = C:\Program Files\Common Files
# automatic
+D = $(patsubst %/,%,$(patsubst %\,%,$(dir $+)))
# makefile (from '../DaisyExamples/libDaisy//core/Makefile', line 1)
MAKEFILE_LIST := Makefile ../DaisyExamples/libDaisy//core/Makefile
# makefile (from '../DaisyExamples/libDaisy//core/Makefile', line 166)
ASFLAGS = $(MCU) $(AS_DEFS) $(AS_INCLUDES) $(OPT) -Wall -fdata-sections -ffunction-sections
# automatic
@F = $(notdir $@)
# environment
VSCODE_PID = 17264
# automatic
?D = $(patsubst %/,%,$(patsubst %\,%,$(dir $?)))
# makefile (from '../DaisyExamples/libDaisy//core/Makefile', line 125)
AS_INCLUDES = 
# makefile (from '../DaisyExamples/libDaisy//core/Makefile', line 78)
GDB = $(PREFIX)gdb
# makefile (from '../DaisyExamples/libDaisy//core/Makefile', line 80)
CP = $(PREFIX)objcopy
# automatic
*F = $(notdir $*)
# automatic
<D = $(patsubst %/,%,$(patsubst %\,%,$(dir $<)))
# environment
VSCODE_NLS_CONFIG = {"locale":"en-us","availableLanguages":{},"_languagePackSupport":true}
# makefile (from '../DaisyExamples/libDaisy//core/Makefile', line 6)
TARGET_ELF = $(TARGET).elf
# environment
ONEDRIVECONSUMER = C:\Users\matth\OneDrive
# default
MAKE_HOST := Windows32
# environment
PROGRAMDATA = C:\ProgramData
# default
SHELL := sh.exe
# environment
HOMEPATH = \Users\matth
# default
MAKECMDGOALS := all
# environment
DRIVERDATA = C:\Windows\System32\Drivers\DriverData
# environment
COMSPEC = C:\Windows\system32\cmd.exe
# environment
WINDIR = C:\Windows
# environment
MAKELEVEL := 0
# default
MAKE = $(MAKE_COMMAND)
# environment
PATH = C:\Program Files (x86)\Razer Chroma SDK\bin;C:\Program Files\Razer Chroma SDK\bin;C:\Program Files (x86)\Razer\ChromaBroadcast\bin;C:\Program Files\Razer\ChromaBroadcast\bin;C:\Python38\Scripts\;C:\Python38\;C:\Windows\system32;C:\Windows;C:\Windows\System32\Wbem;C:\Windows\System32\WindowsPowerShell\v1.0\;C:\Windows\System32\OpenSSH\;C:\Program Files\PuTTY\;C:\Program Files\Git\cmd;C:\ProgramData\chocolatey\bin;C:\Program Files\nodejs\;C:\Program Files\OpenSSL\bin;C:\Program Files\Docker\Docker\resources\bin;C:\ProgramData\DockerDesktop\version-bin;C:\Program Files (x86)\sox-14-4-2;C:\Users\matth\AppData\Local\Programs\Python\Python38-32\Scripts\;C:\Users\matth\AppData\Local\Programs\Python\Python38-32\;C:\Users\matth\AppData\Local\Microsoft\WindowsApps;C:\Users\matth\AppData\Local\atom\bin;C:\Users\matth\AppData\Roaming\npm;C:\Windows\system32\config\systemprofile\AppData\Local\Microsoft\WindowsApps;C:\Program Files\dotnet\;C:\Users\matth\Downloads\DaisyToolchain-0.3.3\windows\bin;C:\Users\matth\AppData\Local\Programs\Python\Python38-32\Scripts\;C:\Users\matth\AppData\Local\Programs\Python\Python38-32\;C:\Users\matth\AppData\Local\Microsoft\WindowsApps;C:\Users\matth\AppData\Local\atom\bin;C:\Users\matth\AppData\Roaming\npm;C:\Users\matth\AppData\Local\Programs\Microsoft VS Code\bin
# environment
COMPUTERNAME = MATTLAPTOP2020
# default
MAKEFILES := 
# automatic
^F = $(notdir $^)
# makefile (from '../DaisyExamples/libDaisy//core/Makefile', line 93)
FPU = -mfpu=fpv5-d16
# makefile (from '../DaisyExamples/libDaisy//core/Makefile', line 96)
FLOAT-ABI = -mfloat-abi=hard
# environment
PROMPT = $P$G
# environment
CHOCOLATEYLASTPATHUPDATE = 132432667359603546
# makefile (from '../DaisyExamples/libDaisy//core/Makefile', line 65)
PREFIX = arm-none-eabi-
# environment
LOGONSERVER = \\MATTLAPTOP2020
# environment
USERNAME = matth
# makefile (from '../DaisyExamples/libDaisy//core/Makefile', line 192)
CPP_STANDARD = -std=gnu++14
# makefile (from '../DaisyExamples/libDaisy//core/Makefile', line 90)
CPU = -mcpu=cortex-m7
# makefile (from '../DaisyExamples/libDaisy//core/Makefile', line 152)
FATFS_DIR = $(LIBDAISY_DIR)/Middlewares/Third_Party/FatFs/src
# environment
COMMONPROGRAMFILES = C:\Program Files (x86)\Common Files
# automatic
?F = $(notdir $?)
# environment
PROGRAMW6432 = C:\Program Files
# makefile (from '../DaisyExamples/libDaisy//core/Makefile', line 208)
APP_TYPE = BOOT_NONE
# makefile (from '../DaisyExamples/libDaisy//core/Makefile', line 213)
USBPID = $(STM_PID)
# environment
PATHEXT = .COM;.EXE;.BAT;.CMD;.VBS;.VBE;.JS;.JSE;.WSF;.WSH;.MSC;.PY;.PYW
# automatic
+F = $(notdir $+)
# environment
ORIGINAL_XDG_CURRENT_DESKTOP = undefined
# makefile (from '../DaisyExamples/libDaisy//core/Makefile', line 264)
OBJECTS = $(addprefix $(BUILD_DIR)/,$(notdir $(C_SOURCES:.c=.o))) $(addprefix $(BUILD_DIR)/,$(notdir $(CPP_SOURCES:.cpp=.o))) $(addprefix $(BUILD_DIR)/,$(notdir $(ASM_SOURCES:.s=.o)))
# environment
USERDOMAIN = MATTLAPTOP2020
# 'override' directive
GNUMAKEFLAGS := 
# environment
OS = Windows_NT
# makefile (from '../DaisyExamples/li 
bDaisy//core/Makefile', line 200)
QSPI_ADDRESS = 0x90040000
# makefile (from '../DaisyExamples/libDaisy//core/Makefile', line 29)
OPT = -O2
# makefile (from '../DaisyExamples/libDaisy//core/Makefile', line 180)
CPPFLAGS = $(CFLAGS) -fno-exceptions -fasm -finline -finline-functions-called-once -fshort-enums -fno-move-loop-invariants -fno-unwind-tables -fno-rtti -Wno-register
# makefile
.DEFAULT_GOAL := all
# default
MAKE_VERSION := 4.3
# environment
PROGRAMFILES(X86) = C:\Program Files (x86)
# makefile (from '../DaisyExamples/libDaisy//core/Makefile', line 250)
LDFLAGS = $(MCU) --specs=nano.specs --specs=nosys.specs -T$(LDSCRIPT) $(LIBDIR) $(LIBS) -Wl,-Map=$(BUILD_DIR)/$(TARGET).map,--cref -Wl,--gc-sections -Wl,--print-memory-usage
# environment
USERDOMAIN_ROAMINGPROFILE = MATTLAPTOP2020
# makefile (from '../DaisyExamples/libDaisy//core/Makefile', line 99)
MCU = $(CPU) -mthumb $(FPU) $(FLOAT-ABI)
# environment
NUMBER_OF_PROCESSORS = 8
# environment
PUBLIC = C:\Users\Public
# makefile (from '../DaisyExamples/libDaisy//core/Makefile', line 84)
BIN = $(CP) -O binary -S
# environment
APPDATA = C:\Users\matth\AppData\Roaming
# makefile (from '../DaisyExamples/libDaisy//core/Makefile', line 177)
CFLAGS = $(MCU) $(C_DEFS) $(C_INCLUDES) $(OPT) -Wall -Wno-missing-attributes -fasm -fdata-sections -ffunction-sections -Wno-stringop-overflow -g -ggdb -MMD -MP -MF"$(@:%.o=%.d)"
# environment
HOMEDRIVE = C:
# makefile (from '../DaisyExamples/libDaisy//core/Makefile', line 20)
GDB_FLAGS = 
# makefile (from '../DaisyExamples/libDaisy//core/Makefile', line 207)
BOOT_BIN = $(wildcard $(SYSTEM_FILES_DIR)/dsy_bootloader*)
# environment
PROCESSOR_ARCHITECTURE = x86
# environment
VSCODE_AMD_ENTRYPOINT = vs/workbench/api/node/extensionHostProcess
# makefile (from '../DaisyExamples/libDaisy//core/Makefile', line 38)
BUILD_DIR = build
# environment
COMMONPROGRAMFILES(X86) = C:\Program Files (x86)\Common Files
# makefile (from 'Makefile', line 8)
LIBDAISY_DIR = ../DaisyExamples/libDaisy/
# environment
ELECTRON_RUN_AS_NODE = 1
# environment
TEMP = C:\Users\matth\AppData\Local\Temp
# environment
VSCODE_IPC_HOOK = \\.\pipe\89a47c50edb3b8bf3951f8c00c9c9291-1.69.1-main-sock
# default
.RECIPEPREFIX := 
# automatic
<F = $(notdir $<)
# makefile (from '../DaisyExamples/libDaisy//core/Makefile', line 52)
C_SOURCES = $(SYSTEM_FILES_DIR)/startup_stm32h750xx.c
# default
SUFFIXES := 
# environment
ALLUSERSPROFILE = C:\ProgramData
# makefile (from 'Makefile', line 2)
TARGET = patching1
# environment
SESSIONNAME = Console
# default
.FEATURES := target-specific order-only second-expansion else-if shortest-stem undefine oneshell nocomment grouped-target extra-prereqs archives jobserver output-sync load
# environment
PROCESSOR_REVISION = 8e0c
# makefile (from '../DaisyExamples/libDaisy//core/Makefile', line 77)
CXX = $(PREFIX)g++ 
# makefile (from '../DaisyExamples/libDaisy//core/Makefile', line 76)
CC = $(PREFIX)gcc
# makefile (from 'Makefile', line 12)
SYSTEM_FILES_DIR = $(LIBDAISY_DIR)/core
# makefile (from 'Makefile', line 9)
DAISYSP_DIR = ../DaisyExamples/DaisySP/
# makefile (from '../DaisyExamples/libDaisy//core/Makefile', line 199)
INTERNAL_ADDRESS = 0x08000000
# environment
PROCESSOR_IDENTIFIER = Intel64 Family 6 Model 142 Stepping 12, GenuineIntel
# variable set hash-table stats:
# Load=143/1024=14%, Rehash=0, Collisions=17/271=6%

# Pattern-specific Variable Values

# No pattern-specific variable values.

# Directories

# build: could not be stat'd.
# . (key c:/projects/polymod4/code/patching1, mtime 1658145951): 6 files, no impossibilities.
# ../DaisyExamples/libDaisy//core (key c:/projects/polymod4/code/DaisyExamples/libDaisy/core, mtime 1658144807): 5 files, no impossibilities so far.

# 11 files, no impossibilities in 3 directories.

# Implicit Rules

build/%.o: %.c Makefile | build
#  recipe to execute (from '../DaisyExamples/libDaisy//core/Makefile', line 268):
	$(CC) -c $(CFLAGS) $(C_STANDARD) -Wa,-a,-ad,-alms=$(BUILD_DIR)/$(notdir $(<:.c=.lst)) $< -o $@

build/%.o: %.cpp Makefile | build
#  recipe to execute (from '../DaisyExamples/libDaisy//core/Makefile', line 271):
	$(CXX) -c $(CPPFLAGS) $(CPP_STANDARD) -Wa,-a,-ad,-alms=$(BUILD_DIR)/$(notdir $(<:.cpp=.lst)) $< -o $@

build/%.o: %.s Makefile | build
#  recipe to execute (from '../DaisyExamples/libDaisy//core/Makefile', line 274):
	$(AS) -c $(ASFLAGS) $< -o $@

build/%.hex: build/%.elf | build
#  recipe to execute (from '../DaisyExamples/libDaisy//core/Makefile', line 280):
	$(HEX) $< $@

build/%.bin: build/%.elf | build
#  recipe to execute (from '../DaisyExamples/libDaisy//core/Makefile', line 283):
	$(BIN) $< $@

# 5 implicit rules, 0 (0.0%) terminal.
# Files

# Not a target:
build/patching1.o:
#  Implicit rule search has not been done.
#  Modification time never checked.
#  File has not been updated.

program-boot:
#  Implicit rule search has not been done.
#  Modification time never checked.
#  File has not been updated.
#  recipe to execute (from '../DaisyExamples/libDaisy//core/Makefile', line 333):
	dfu-util -a 0 -s $(INTERNAL_ADDRESS):leave -D $(BOOT_BIN) -d ,0483:$(STM_PID)

debug_client:
#  Implicit rule search has not been done.
#  Modification time never checked.
#  File has not been updated.
#  recipe to execute (from '../DaisyExamples/libDaisy//core/Makefile', line 314):
	ddd --eval-command="target remote localhost:3333" --debugger $(GDB) $(TARGET_ELF)

program-dfu:
#  Implicit rule search has not been done.
#  Modification time never checked.
#  File has not been updated.
#  recipe to execute (from '../DaisyExamples/libDaisy//core/Makefile', line 330):
	dfu-util -a 0 -s $(FLASH_ADDRESS):leave -D $(BUILD_DIR)/$(TARGET_BIN) -d ,0483:$(USBPID)

# Not a target:
../DaisyExamples/libDaisy//core/startup_stm32h750xx.c:
#  Implicit rule search has been done.
#  Last modified 2022-07-18 12:46:47
#  File has been updated.
#  Successfully updated.

debug:
#  Implicit rule search has not been done.
#  Modification time never checked.
#  File has not been updated.
#  recipe to execute (from '../DaisyExamples/libDaisy//core/Makefile', line 302):
	@if ! nc -z localhost 3333; then \
        echo "\n\t[Error] OpenOCD is not running! Start it with: 'make openocd'\n"; exit 1; \
    else \
        $(GDB)  -ex "target extended localhost:3333" \
            -ex "monitor arm semihosting enable" \
            -ex "monitor reset halt" \
            -ex "load" \
            -ex "monitor reset init" \
            $(GDBFLAGS) build/$(TARGET).elf; \
    fi

# Not a target:
Makefile:
#  Implicit rule search has been done.
#  Last modified 2022-07-18 13:05:51
#  File has been updated.
#  Successfully updated.

clean:
#  Implicit rule search has not been done.
#  Modification time never checked.
#  File has not been updated.
#  recipe to execute (from '../DaisyExamples/libDaisy//core/Makefile', line 292):
	-rm -fR $(BUILD_DIR)

# Not a target:
.DEFAULT:
#  Implicit rule search has not been done.
#  Modification time never checked.
#  File has not been updated.

all: build/patching1.elf build/patching1.hex build/patching1.bin
#  Command line target.
#  Implicit rule search has been done.
#  File does not exist.
#  File has been updated.
#  Needs to be updated (-q is set).
# variable set hash-table stats:
# Load=0/32=0%, Rehash=0, Collisions=0/3=0%

build:
#  Implicit rule search has not been done.
#  Implicit/static pattern stem: ''
#  File does not exist.
#  File has been updated.
#  Needs to be updated (-q is set).
# automatic
# @ := build
# automatic
# * := 
# automatic
# < := 
# automatic
# + := 
# automatic
# % := 
# automatic
# ^ := 
# automatic
# ? := 
# automatic
# | := 
# variable set hash-table stats:
# Load=8/32=25%, Rehash=0, Collisions=1/12=8%
#  recipe to execute (from '../DaisyExamples/libDaisy//core/Makefile', line 286):
	mkdir $@

# Not a target:
build/patching1.hex:
#  Implicit rule search has not been done.
#  Modification time never checked.
#  File has not been updated.

# Not a target:
build/patching1.bin:
#  Implicit rule search has not been done.
#  Modification time never checked.
#  File has not been updated.

openocd:
#  Implicit rule search has not been done.
#  Modification time never checked.
#  File has not been updated.
#  recipe to execute (from '../DaisyExamples/libDaisy//core/Makefile', line 299):
	$(OCD) -s $(OCD_DIR) $(OCDFLAGS)

build/startup_stm32h750xx.o: ../DaisyExamples/libDaisy//core/startup_stm32h750xx.c Makefile | build
#  Implicit rule search has been done.
#  Implicit/static pattern stem: 'startup_stm32h750xx'
#  File does not exist.
#  File has been updated.
#  Needs to be updated (-q is set).
# variable set hash-table stats:
# Load=0/32=0%, Rehash=0, Collisions=0/3=0%
#  recipe to execute (from '../DaisyExamples/libDaisy//core/Makefile', line 268):
	$(CC) -c $(CFLAGS) $(C_STANDARD) -Wa,-a,-ad,-alms=$(BUILD_DIR)/$(notdir $(<:.c=.lst)) $< -o $@

# Not a target:
.SUFFIXES:
#  Implicit rule search has not been done.
#  Modification time never checked.
#  File has not been updated.

# Not a target:
../DaisyExamples/libDaisy//core/Makefile:
#  Implicit rule search has been done.
#  Last modified 2022-07-18 12:46:47
#  File has been updated.
#  Successfully updated.

build/patching1.elf: build/startup_stm32h750xx.o build/patching1.o Makefile
#  Implicit rule search has not been done.
#  File does not exist.
#  File has been updated.
#  Needs to be updated (-q is set).
# variable set hash-table stats:
# Load=0/32=0%, Rehash=0, Collisions=0/3=0%
#  recipe to execute (from '../DaisyExamples/libDaisy//core/Makefile', line 277):
	$(CXX) $(OBJECTS) $(LDFLAGS) -o $@

program:
#  Implicit rule search has not been done.
#  Modification time never checked.
#  File has not been updated.
#  recipe to execute (from '../DaisyExamples/libDaisy//core/Makefile', line 318):
	$(OCD) -s $(OCD_DIR) $(OCDFLAGS) \
		-c "program ./build/$(TARGET).elf verify reset exit"

# files hash-table stats:
# Load=19/1024=2%, Rehash=0, Collisions=0/52=0%
# VPATH Search Paths

vpath %.c ../DaisyExamples/libDaisy//core

# 1 'vpath' search paths.

# No general ('VPATH' variable) search path.

# strcache buffers: 1 (0) / strings = 35 / storage = 500 B / avg = 14 B
# current buf: size = 8174 B / used = 500 B / count = 35 / avg = 14 B

# strcache performance: lookups = 78 / hit rate = 55%
# hash-table stats:
# Load=35/8192=0%, Rehash=0, Collisions=0/78=0%
# Finished Make data base on Mon Jul 18 13:06:30 2022

 
